[0.947s] Invoking command in '/home/manan/IITISOC/IITISoC-24-IVR8-Motion-Planning-with-Controls-for-Self-Driving-Vehicles/bot_ws/build/path_planner': PYTHONPATH=/home/manan/IITISOC/IITISoC-24-IVR8-Motion-Planning-with-Controls-for-Self-Driving-Vehicles/bot_ws/build/path_planner/prefix_override:/usr/lib/python3/dist-packages/colcon_core/task/python/colcon_distutils_commands:/home/manan/IITISOC/IITISoC-24-IVR8-Motion-Planning-with-Controls-for-Self-Driving-Vehicles/bot_ws/install/path_planner/lib/python3.10/site-packages:${PYTHONPATH} /usr/bin/python3 -W ignore:setup.py install is deprecated setup.py develop --editable --build-directory /home/manan/IITISOC/IITISoC-24-IVR8-Motion-Planning-with-Controls-for-Self-Driving-Vehicles/bot_ws/build/path_planner/build --no-deps
[1.363s] running develop
[1.363s] /usr/lib/python3/dist-packages/setuptools/command/easy_install.py:158: EasyInstallDeprecationWarning: easy_install command is deprecated. Use build and pip and other standards-based tools.
[1.364s]   warnings.warn(
[1.638s] running egg_info
[1.638s] creating path_planner.egg-info
[1.639s] writing path_planner.egg-info/PKG-INFO
[1.640s] writing dependency_links to path_planner.egg-info/dependency_links.txt
[1.640s] writing entry points to path_planner.egg-info/entry_points.txt
[1.640s] writing requirements to path_planner.egg-info/requires.txt
[1.640s] writing top-level names to path_planner.egg-info/top_level.txt
[1.641s] writing manifest file 'path_planner.egg-info/SOURCES.txt'
[1.644s] reading manifest file 'path_planner.egg-info/SOURCES.txt'
[1.645s] writing manifest file 'path_planner.egg-info/SOURCES.txt'
[1.647s] running build_ext
[1.648s] Creating /home/manan/IITISOC/IITISoC-24-IVR8-Motion-Planning-with-Controls-for-Self-Driving-Vehicles/bot_ws/install/path_planner/lib/python3.10/site-packages/path-planner.egg-link (link to .)
[1.650s] Installing astar_path_planner script to /home/manan/IITISOC/IITISoC-24-IVR8-Motion-Planning-with-Controls-for-Self-Driving-Vehicles/bot_ws/install/path_planner/lib/path_planner
[1.651s] 
[1.652s] Installed /home/manan/IITISOC/IITISoC-24-IVR8-Motion-Planning-with-Controls-for-Self-Driving-Vehicles/bot_ws/build/path_planner
[1.692s] Invoked command in '/home/manan/IITISOC/IITISoC-24-IVR8-Motion-Planning-with-Controls-for-Self-Driving-Vehicles/bot_ws/build/path_planner' returned '0': PYTHONPATH=/home/manan/IITISOC/IITISoC-24-IVR8-Motion-Planning-with-Controls-for-Self-Driving-Vehicles/bot_ws/build/path_planner/prefix_override:/usr/lib/python3/dist-packages/colcon_core/task/python/colcon_distutils_commands:/home/manan/IITISOC/IITISoC-24-IVR8-Motion-Planning-with-Controls-for-Self-Driving-Vehicles/bot_ws/install/path_planner/lib/python3.10/site-packages:${PYTHONPATH} /usr/bin/python3 -W ignore:setup.py install is deprecated setup.py develop --editable --build-directory /home/manan/IITISOC/IITISoC-24-IVR8-Motion-Planning-with-Controls-for-Self-Driving-Vehicles/bot_ws/build/path_planner/build --no-deps
