running egg_info
writing ../../build/path_planner/path_planner.egg-info/PKG-INFO
writing dependency_links to ../../build/path_planner/path_planner.egg-info/dependency_links.txt
writing entry points to ../../build/path_planner/path_planner.egg-info/entry_points.txt
writing requirements to ../../build/path_planner/path_planner.egg-info/requires.txt
writing top-level names to ../../build/path_planner/path_planner.egg-info/top_level.txt
reading manifest file '../../build/path_planner/path_planner.egg-info/SOURCES.txt'
writing manifest file '../../build/path_planner/path_planner.egg-info/SOURCES.txt'
running build
running build_py
copying astar_path_planner.py -> /home/manan/IITISOC/IITISoC-24-IVR8-Motion-Planning-with-Controls-for-Self-Driving-Vehicles/bot_ws/build/path_planner/build/lib
running install
running install_lib
copying /home/manan/IITISOC/IITISoC-24-IVR8-Motion-Planning-with-Controls-for-Self-Driving-Vehicles/bot_ws/build/path_planner/build/lib/astar_path_planner.py -> /home/manan/IITISOC/IITISoC-24-IVR8-Motion-Planning-with-Controls-for-Self-Driving-Vehicles/bot_ws/install/path_planner/lib/python3.10/site-packages
byte-compiling /home/manan/IITISOC/IITISoC-24-IVR8-Motion-Planning-with-Controls-for-Self-Driving-Vehicles/bot_ws/install/path_planner/lib/python3.10/site-packages/astar_path_planner.py to astar_path_planner.cpython-310.pyc
running install_egg_info
removing '/home/manan/IITISOC/IITISoC-24-IVR8-Motion-Planning-with-Controls-for-Self-Driving-Vehicles/bot_ws/install/path_planner/lib/python3.10/site-packages/path_planner-0.0.0-py3.10.egg-info' (and everything under it)
Copying ../../build/path_planner/path_planner.egg-info to /home/manan/IITISOC/IITISoC-24-IVR8-Motion-Planning-with-Controls-for-Self-Driving-Vehicles/bot_ws/install/path_planner/lib/python3.10/site-packages/path_planner-0.0.0-py3.10.egg-info
running install_scripts
Installing astar_path_planner script to /home/manan/IITISOC/IITISoC-24-IVR8-Motion-Planning-with-Controls-for-Self-Driving-Vehicles/bot_ws/install/path_planner/lib/path_planner
writing list of installed files to '/home/manan/IITISOC/IITISoC-24-IVR8-Motion-Planning-with-Controls-for-Self-Driving-Vehicles/bot_ws/build/path_planner/install.log'
