[0.889s] Invoking command in '/home/manan/IITISOC/IITISoC-24-IVR8-Motion-Planning-with-Controls-for-Self-Driving-Vehicles/bot_ws/src/path_planner': PYTHONPATH=/home/manan/IITISOC/IITISoC-24-IVR8-Motion-Planning-with-Controls-for-Self-Driving-Vehicles/bot_ws/build/path_planner/prefix_override:/usr/lib/python3/dist-packages/colcon_core/task/python/colcon_distutils_commands:/home/manan/IITISOC/IITISoC-24-IVR8-Motion-Planning-with-Controls-for-Self-Driving-Vehicles/bot_ws/install/path_planner/lib/python3.10/site-packages:${PYTHONPATH} /usr/bin/python3 -W ignore:setup.py install is deprecated setup.py egg_info --egg-base ../../build/path_planner build --build-base /home/manan/IITISOC/IITISoC-24-IVR8-Motion-Planning-with-Controls-for-Self-Driving-Vehicles/bot_ws/build/path_planner/build install --record /home/manan/IITISOC/IITISoC-24-IVR8-Motion-Planning-with-Controls-for-Self-Driving-Vehicles/bot_ws/build/path_planner/install.log --single-version-externally-managed
[1.260s] running egg_info
[1.260s] writing ../../build/path_planner/path_planner.egg-info/PKG-INFO
[1.261s] writing dependency_links to ../../build/path_planner/path_planner.egg-info/dependency_links.txt
[1.272s] writing entry points to ../../build/path_planner/path_planner.egg-info/entry_points.txt
[1.273s] writing requirements to ../../build/path_planner/path_planner.egg-info/requires.txt
[1.273s] writing top-level names to ../../build/path_planner/path_planner.egg-info/top_level.txt
[1.277s] reading manifest file '../../build/path_planner/path_planner.egg-info/SOURCES.txt'
[1.278s] writing manifest file '../../build/path_planner/path_planner.egg-info/SOURCES.txt'
[1.279s] running build
[1.279s] running build_py
[1.279s] copying astar_path_planner.py -> /home/manan/IITISOC/IITISoC-24-IVR8-Motion-Planning-with-Controls-for-Self-Driving-Vehicles/bot_ws/build/path_planner/build/lib
[1.280s] running install
[1.280s] running install_lib
[1.281s] copying /home/manan/IITISOC/IITISoC-24-IVR8-Motion-Planning-with-Controls-for-Self-Driving-Vehicles/bot_ws/build/path_planner/build/lib/astar_path_planner.py -> /home/manan/IITISOC/IITISoC-24-IVR8-Motion-Planning-with-Controls-for-Self-Driving-Vehicles/bot_ws/install/path_planner/lib/python3.10/site-packages
[1.283s] byte-compiling /home/manan/IITISOC/IITISoC-24-IVR8-Motion-Planning-with-Controls-for-Self-Driving-Vehicles/bot_ws/install/path_planner/lib/python3.10/site-packages/astar_path_planner.py to astar_path_planner.cpython-310.pyc
[1.286s] running install_egg_info
[1.288s] removing '/home/manan/IITISOC/IITISoC-24-IVR8-Motion-Planning-with-Controls-for-Self-Driving-Vehicles/bot_ws/install/path_planner/lib/python3.10/site-packages/path_planner-0.0.0-py3.10.egg-info' (and everything under it)
[1.289s] Copying ../../build/path_planner/path_planner.egg-info to /home/manan/IITISOC/IITISoC-24-IVR8-Motion-Planning-with-Controls-for-Self-Driving-Vehicles/bot_ws/install/path_planner/lib/python3.10/site-packages/path_planner-0.0.0-py3.10.egg-info
[1.292s] running install_scripts
[1.331s] Installing astar_path_planner script to /home/manan/IITISOC/IITISoC-24-IVR8-Motion-Planning-with-Controls-for-Self-Driving-Vehicles/bot_ws/install/path_planner/lib/path_planner
[1.332s] writing list of installed files to '/home/manan/IITISOC/IITISoC-24-IVR8-Motion-Planning-with-Controls-for-Self-Driving-Vehicles/bot_ws/build/path_planner/install.log'
[1.371s] Invoked command in '/home/manan/IITISOC/IITISoC-24-IVR8-Motion-Planning-with-Controls-for-Self-Driving-Vehicles/bot_ws/src/path_planner' returned '0': PYTHONPATH=/home/manan/IITISOC/IITISoC-24-IVR8-Motion-Planning-with-Controls-for-Self-Driving-Vehicles/bot_ws/build/path_planner/prefix_override:/usr/lib/python3/dist-packages/colcon_core/task/python/colcon_distutils_commands:/home/manan/IITISOC/IITISoC-24-IVR8-Motion-Planning-with-Controls-for-Self-Driving-Vehicles/bot_ws/install/path_planner/lib/python3.10/site-packages:${PYTHONPATH} /usr/bin/python3 -W ignore:setup.py install is deprecated setup.py egg_info --egg-base ../../build/path_planner build --build-base /home/manan/IITISOC/IITISoC-24-IVR8-Motion-Planning-with-Controls-for-Self-Driving-Vehicles/bot_ws/build/path_planner/build install --record /home/manan/IITISOC/IITISoC-24-IVR8-Motion-Planning-with-Controls-for-Self-Driving-Vehicles/bot_ws/build/path_planner/install.log --single-version-externally-managed
