[0.251s] DEBUG:colcon:Command line arguments: ['/usr/bin/colcon', 'build', '--symlink-install']
[0.251s] DEBUG:colcon:Parsed command line arguments: Namespace(log_base=None, log_level=None, verb_name='build', build_base='build', install_base='install', merge_install=False, symlink_install=True, test_result_base=None, continue_on_error=False, executor='parallel', parallel_workers=16, event_handlers=None, ignore_user_meta=False, metas=['./colcon.meta'], base_paths=['.'], packages_ignore=None, packages_ignore_regex=None, paths=None, packages_up_to=None, packages_up_to_regex=None, packages_above=None, packages_above_and_dependencies=None, packages_above_depth=None, packages_select_by_dep=None, packages_skip_by_dep=None, packages_skip_up_to=None, packages_select_build_failed=False, packages_skip_build_finished=False, packages_select_test_failures=False, packages_skip_test_passed=False, packages_select=None, packages_skip=None, packages_select_regex=None, packages_skip_regex=None, packages_start=None, packages_end=None, allow_overriding=[], cmake_args=None, cmake_target=None, cmake_target_skip_unavailable=False, cmake_clean_cache=False, cmake_clean_first=False, cmake_force_configure=False, ament_cmake_args=None, catkin_cmake_args=None, catkin_skip_building_tests=False, mixin_files=None, mixin=None, verb_parser=<colcon_mixin.mixin.mixin_argument.MixinArgumentDecorator object at 0x7f9d32b9e920>, verb_extension=<colcon_core.verb.build.BuildVerb object at 0x7f9d32d1ed10>, main=<bound method BuildVerb.main of <colcon_core.verb.build.BuildVerb object at 0x7f9d32d1ed10>>, mixin_verb=('build',))
[0.419s] Level 1:colcon.colcon_core.package_discovery:discover_packages(colcon_meta) check parameters
[0.419s] Level 1:colcon.colcon_core.package_discovery:discover_packages(recursive) check parameters
[0.420s] Level 1:colcon.colcon_core.package_discovery:discover_packages(ignore) check parameters
[0.420s] Level 1:colcon.colcon_core.package_discovery:discover_packages(path) check parameters
[0.420s] Level 1:colcon.colcon_core.package_discovery:discover_packages(colcon_meta) discover
[0.420s] Level 1:colcon.colcon_core.package_discovery:discover_packages(recursive) discover
[0.420s] INFO:colcon.colcon_core.package_discovery:Crawling recursively for packages in '/home/manan/IITISOC/IITISoC-24-IVR8-Motion-Planning-with-Controls-for-Self-Driving-Vehicles/bot_ws'
[0.420s] Level 1:colcon.colcon_core.package_identification:_identify(.) by extensions ['ignore', 'ignore_ament_install']
[0.420s] Level 1:colcon.colcon_core.package_identification:_identify(.) by extension 'ignore'
[0.420s] Level 1:colcon.colcon_core.package_identification:_identify(.) by extension 'ignore_ament_install'
[0.420s] Level 1:colcon.colcon_core.package_identification:_identify(.) by extensions ['colcon_pkg']
[0.420s] Level 1:colcon.colcon_core.package_identification:_identify(.) by extension 'colcon_pkg'
[0.420s] Level 1:colcon.colcon_core.package_identification:_identify(.) by extensions ['colcon_meta']
[0.420s] Level 1:colcon.colcon_core.package_identification:_identify(.) by extension 'colcon_meta'
[0.420s] Level 1:colcon.colcon_core.package_identification:_identify(.) by extensions ['ros']
[0.420s] Level 1:colcon.colcon_core.package_identification:_identify(.) by extension 'ros'
[0.431s] Level 1:colcon.colcon_core.package_identification:_identify(.) by extensions ['cmake', 'python']
[0.431s] Level 1:colcon.colcon_core.package_identification:_identify(.) by extension 'cmake'
[0.431s] Level 1:colcon.colcon_core.package_identification:_identify(.) by extension 'python'
[0.431s] Level 1:colcon.colcon_core.package_identification:_identify(.) by extensions ['python_setup_py']
[0.431s] Level 1:colcon.colcon_core.package_identification:_identify(.) by extension 'python_setup_py'
[0.432s] Level 1:colcon.colcon_core.package_identification:_identify(build) by extensions ['ignore', 'ignore_ament_install']
[0.432s] Level 1:colcon.colcon_core.package_identification:_identify(build) by extension 'ignore'
[0.432s] Level 1:colcon.colcon_core.package_identification:_identify(build) ignored
[0.432s] Level 1:colcon.colcon_core.package_identification:_identify(install) by extensions ['ignore', 'ignore_ament_install']
[0.432s] Level 1:colcon.colcon_core.package_identification:_identify(install) by extension 'ignore'
[0.432s] Level 1:colcon.colcon_core.package_identification:_identify(install) ignored
[0.433s] Level 1:colcon.colcon_core.package_identification:_identify(log) by extensions ['ignore', 'ignore_ament_install']
[0.433s] Level 1:colcon.colcon_core.package_identification:_identify(log) by extension 'ignore'
[0.434s] Level 1:colcon.colcon_core.package_identification:_identify(log) ignored
[0.434s] Level 1:colcon.colcon_core.package_identification:_identify(src) by extensions ['ignore', 'ignore_ament_install']
[0.434s] Level 1:colcon.colcon_core.package_identification:_identify(src) by extension 'ignore'
[0.434s] Level 1:colcon.colcon_core.package_identification:_identify(src) by extension 'ignore_ament_install'
[0.434s] Level 1:colcon.colcon_core.package_identification:_identify(src) by extensions ['colcon_pkg']
[0.434s] Level 1:colcon.colcon_core.package_identification:_identify(src) by extension 'colcon_pkg'
[0.434s] Level 1:colcon.colcon_core.package_identification:_identify(src) by extensions ['colcon_meta']
[0.434s] Level 1:colcon.colcon_core.package_identification:_identify(src) by extension 'colcon_meta'
[0.434s] Level 1:colcon.colcon_core.package_identification:_identify(src) by extensions ['ros']
[0.434s] Level 1:colcon.colcon_core.package_identification:_identify(src) by extension 'ros'
[0.434s] Level 1:colcon.colcon_core.package_identification:_identify(src) by extensions ['cmake', 'python']
[0.434s] Level 1:colcon.colcon_core.package_identification:_identify(src) by extension 'cmake'
[0.434s] Level 1:colcon.colcon_core.package_identification:_identify(src) by extension 'python'
[0.434s] Level 1:colcon.colcon_core.package_identification:_identify(src) by extensions ['python_setup_py']
[0.434s] Level 1:colcon.colcon_core.package_identification:_identify(src) by extension 'python_setup_py'
[0.435s] Level 1:colcon.colcon_core.package_identification:_identify(src/build) by extensions ['ignore', 'ignore_ament_install']
[0.435s] Level 1:colcon.colcon_core.package_identification:_identify(src/build) by extension 'ignore'
[0.435s] Level 1:colcon.colcon_core.package_identification:_identify(src/build) ignored
[0.435s] Level 1:colcon.colcon_core.package_identification:_identify(src/install) by extensions ['ignore', 'ignore_ament_install']
[0.435s] Level 1:colcon.colcon_core.package_identification:_identify(src/install) by extension 'ignore'
[0.435s] Level 1:colcon.colcon_core.package_identification:_identify(src/install) ignored
[0.435s] Level 1:colcon.colcon_core.package_identification:_identify(src/log) by extensions ['ignore', 'ignore_ament_install']
[0.435s] Level 1:colcon.colcon_core.package_identification:_identify(src/log) by extension 'ignore'
[0.435s] Level 1:colcon.colcon_core.package_identification:_identify(src/log) ignored
[0.435s] Level 1:colcon.colcon_core.package_identification:_identify(src/maps) by extensions ['ignore', 'ignore_ament_install']
[0.435s] Level 1:colcon.colcon_core.package_identification:_identify(src/maps) by extension 'ignore'
[0.436s] Level 1:colcon.colcon_core.package_identification:_identify(src/maps) by extension 'ignore_ament_install'
[0.436s] Level 1:colcon.colcon_core.package_identification:_identify(src/maps) by extensions ['colcon_pkg']
[0.436s] Level 1:colcon.colcon_core.package_identification:_identify(src/maps) by extension 'colcon_pkg'
[0.436s] Level 1:colcon.colcon_core.package_identification:_identify(src/maps) by extensions ['colcon_meta']
[0.436s] Level 1:colcon.colcon_core.package_identification:_identify(src/maps) by extension 'colcon_meta'
[0.436s] Level 1:colcon.colcon_core.package_identification:_identify(src/maps) by extensions ['ros']
[0.436s] Level 1:colcon.colcon_core.package_identification:_identify(src/maps) by extension 'ros'
[0.436s] Level 1:colcon.colcon_core.package_identification:_identify(src/maps) by extensions ['cmake', 'python']
[0.436s] Level 1:colcon.colcon_core.package_identification:_identify(src/maps) by extension 'cmake'
[0.436s] Level 1:colcon.colcon_core.package_identification:_identify(src/maps) by extension 'python'
[0.436s] Level 1:colcon.colcon_core.package_identification:_identify(src/maps) by extensions ['python_setup_py']
[0.436s] Level 1:colcon.colcon_core.package_identification:_identify(src/maps) by extension 'python_setup_py'
[0.436s] Level 1:colcon.colcon_core.package_identification:_identify(src/path_planner) by extensions ['ignore', 'ignore_ament_install']
[0.437s] Level 1:colcon.colcon_core.package_identification:_identify(src/path_planner) by extension 'ignore'
[0.437s] Level 1:colcon.colcon_core.package_identification:_identify(src/path_planner) by extension 'ignore_ament_install'
[0.437s] Level 1:colcon.colcon_core.package_identification:_identify(src/path_planner) by extensions ['colcon_pkg']
[0.437s] Level 1:colcon.colcon_core.package_identification:_identify(src/path_planner) by extension 'colcon_pkg'
[0.437s] Level 1:colcon.colcon_core.package_identification:_identify(src/path_planner) by extensions ['colcon_meta']
[0.437s] Level 1:colcon.colcon_core.package_identification:_identify(src/path_planner) by extension 'colcon_meta'
[0.437s] Level 1:colcon.colcon_core.package_identification:_identify(src/path_planner) by extensions ['ros']
[0.437s] Level 1:colcon.colcon_core.package_identification:_identify(src/path_planner) by extension 'ros'
[0.440s] DEBUG:colcon.colcon_core.package_identification:Package 'src/path_planner' with type 'ros.ament_python' and name 'path_planner'
[0.440s] Level 1:colcon.colcon_core.package_discovery:discover_packages(recursive) using defaults
[0.440s] Level 1:colcon.colcon_core.package_discovery:discover_packages(ignore) discover
[0.440s] Level 1:colcon.colcon_core.package_discovery:discover_packages(ignore) using defaults
[0.440s] Level 1:colcon.colcon_core.package_discovery:discover_packages(path) discover
[0.440s] Level 1:colcon.colcon_core.package_discovery:discover_packages(path) using defaults
[0.461s] Level 1:colcon.colcon_core.package_discovery:discover_packages(prefix_path) check parameters
[0.461s] Level 1:colcon.colcon_core.package_discovery:discover_packages(prefix_path) discover
[0.462s] DEBUG:colcon.colcon_installed_package_information.package_discovery:Found 1 installed packages in /home/manan/IITISOC/IITISoC-24-IVR8-Motion-Planning-with-Controls-for-Self-Driving-Vehicles/bot_ws/install
[0.465s] DEBUG:colcon.colcon_installed_package_information.package_discovery:Found 401 installed packages in /opt/ros/humble
[0.477s] Level 1:colcon.colcon_core.package_discovery:discover_packages(prefix_path) using defaults
[0.528s] Level 5:colcon.colcon_core.verb:set package 'path_planner' build argument 'cmake_args' from command line to 'None'
[0.528s] Level 5:colcon.colcon_core.verb:set package 'path_planner' build argument 'cmake_target' from command line to 'None'
[0.528s] Level 5:colcon.colcon_core.verb:set package 'path_planner' build argument 'cmake_target_skip_unavailable' from command line to 'False'
[0.528s] Level 5:colcon.colcon_core.verb:set package 'path_planner' build argument 'cmake_clean_cache' from command line to 'False'
[0.528s] Level 5:colcon.colcon_core.verb:set package 'path_planner' build argument 'cmake_clean_first' from command line to 'False'
[0.528s] Level 5:colcon.colcon_core.verb:set package 'path_planner' build argument 'cmake_force_configure' from command line to 'False'
[0.528s] Level 5:colcon.colcon_core.verb:set package 'path_planner' build argument 'ament_cmake_args' from command line to 'None'
[0.528s] Level 5:colcon.colcon_core.verb:set package 'path_planner' build argument 'catkin_cmake_args' from command line to 'None'
[0.528s] Level 5:colcon.colcon_core.verb:set package 'path_planner' build argument 'catkin_skip_building_tests' from command line to 'False'
[0.528s] DEBUG:colcon.colcon_core.verb:Building package 'path_planner' with the following arguments: {'ament_cmake_args': None, 'build_base': '/home/manan/IITISOC/IITISoC-24-IVR8-Motion-Planning-with-Controls-for-Self-Driving-Vehicles/bot_ws/build/path_planner', 'catkin_cmake_args': None, 'catkin_skip_building_tests': False, 'cmake_args': None, 'cmake_clean_cache': False, 'cmake_clean_first': False, 'cmake_force_configure': False, 'cmake_target': None, 'cmake_target_skip_unavailable': False, 'install_base': '/home/manan/IITISOC/IITISoC-24-IVR8-Motion-Planning-with-Controls-for-Self-Driving-Vehicles/bot_ws/install/path_planner', 'merge_install': False, 'path': '/home/manan/IITISOC/IITISoC-24-IVR8-Motion-Planning-with-Controls-for-Self-Driving-Vehicles/bot_ws/src/path_planner', 'symlink_install': True, 'test_result_base': None}
[0.528s] INFO:colcon.colcon_core.executor:Executing jobs using 'parallel' executor
[0.529s] DEBUG:colcon.colcon_parallel_executor.executor.parallel:run_until_complete
[0.530s] INFO:colcon.colcon_ros.task.ament_python.build:Building ROS package in '/home/manan/IITISOC/IITISoC-24-IVR8-Motion-Planning-with-Controls-for-Self-Driving-Vehicles/bot_ws/src/path_planner' with build type 'ament_python'
[0.530s] Level 1:colcon.colcon_core.shell:create_environment_hook('path_planner', 'ament_prefix_path')
[0.533s] INFO:colcon.colcon_core.plugin_system:Skipping extension 'colcon_core.shell.bat': Not used on non-Windows systems
[0.533s] INFO:colcon.colcon_core.shell:Creating environment hook '/home/manan/IITISOC/IITISoC-24-IVR8-Motion-Planning-with-Controls-for-Self-Driving-Vehicles/bot_ws/install/path_planner/share/path_planner/hook/ament_prefix_path.ps1'
[0.534s] INFO:colcon.colcon_core.shell:Creating environment descriptor '/home/manan/IITISOC/IITISoC-24-IVR8-Motion-Planning-with-Controls-for-Self-Driving-Vehicles/bot_ws/install/path_planner/share/path_planner/hook/ament_prefix_path.dsv'
[0.534s] INFO:colcon.colcon_core.shell:Creating environment hook '/home/manan/IITISOC/IITISoC-24-IVR8-Motion-Planning-with-Controls-for-Self-Driving-Vehicles/bot_ws/install/path_planner/share/path_planner/hook/ament_prefix_path.sh'
[0.535s] INFO:colcon.colcon_core.shell:Skip shell extension 'powershell' for command environment: Not usable outside of PowerShell
[0.535s] DEBUG:colcon.colcon_core.shell:Skip shell extension 'dsv' for command environment
[0.812s] WARNING:colcon.colcon_ros.task.ament_python.build:Package 'path_planner' doesn't explicitly install a marker in the package index (colcon-ros currently does it implicitly but that fallback will be removed in the future)
[0.813s] WARNING:colcon.colcon_ros.task.ament_python.build:Package 'path_planner' doesn't explicitly install the 'package.xml' file (colcon-ros currently does it implicitly but that fallback will be removed in the future)
[0.813s] INFO:colcon.colcon_core.task.python.build:Building Python package in '/home/manan/IITISOC/IITISoC-24-IVR8-Motion-Planning-with-Controls-for-Self-Driving-Vehicles/bot_ws/src/path_planner'
[0.813s] INFO:colcon.colcon_core.shell:Skip shell extension 'powershell' for command environment: Not usable outside of PowerShell
[0.814s] DEBUG:colcon.colcon_core.shell:Skip shell extension 'dsv' for command environment
[1.165s] DEBUG:colcon.colcon_core.event_handler.log_command:Invoking command in '/home/manan/IITISOC/IITISoC-24-IVR8-Motion-Planning-with-Controls-for-Self-Driving-Vehicles/bot_ws/build/path_planner': PYTHONPATH=/home/manan/IITISOC/IITISoC-24-IVR8-Motion-Planning-with-Controls-for-Self-Driving-Vehicles/bot_ws/build/path_planner/prefix_override:/usr/lib/python3/dist-packages/colcon_core/task/python/colcon_distutils_commands:/home/manan/IITISOC/IITISoC-24-IVR8-Motion-Planning-with-Controls-for-Self-Driving-Vehicles/bot_ws/install/path_planner/lib/python3.10/site-packages:${PYTHONPATH} /usr/bin/python3 -W ignore:setup.py install is deprecated setup.py develop --editable --build-directory /home/manan/IITISOC/IITISoC-24-IVR8-Motion-Planning-with-Controls-for-Self-Driving-Vehicles/bot_ws/build/path_planner/build --no-deps
[1.586s] Level 1:colcon.colcon_core.shell:create_environment_hook('path_planner', 'pythonpath_develop')
[1.586s] DEBUG:colcon.colcon_core.event_handler.log_command:Invoked command in '/home/manan/IITISOC/IITISoC-24-IVR8-Motion-Planning-with-Controls-for-Self-Driving-Vehicles/bot_ws/build/path_planner' returned '0': PYTHONPATH=/home/manan/IITISOC/IITISoC-24-IVR8-Motion-Planning-with-Controls-for-Self-Driving-Vehicles/bot_ws/build/path_planner/prefix_override:/usr/lib/python3/dist-packages/colcon_core/task/python/colcon_distutils_commands:/home/manan/IITISOC/IITISoC-24-IVR8-Motion-Planning-with-Controls-for-Self-Driving-Vehicles/bot_ws/install/path_planner/lib/python3.10/site-packages:${PYTHONPATH} /usr/bin/python3 -W ignore:setup.py install is deprecated setup.py develop --editable --build-directory /home/manan/IITISOC/IITISoC-24-IVR8-Motion-Planning-with-Controls-for-Self-Driving-Vehicles/bot_ws/build/path_planner/build --no-deps
[1.587s] INFO:colcon.colcon_core.shell:Creating environment hook '/home/manan/IITISOC/IITISoC-24-IVR8-Motion-Planning-with-Controls-for-Self-Driving-Vehicles/bot_ws/build/path_planner/share/path_planner/hook/pythonpath_develop.ps1'
[1.587s] INFO:colcon.colcon_core.shell:Creating environment descriptor '/home/manan/IITISOC/IITISoC-24-IVR8-Motion-Planning-with-Controls-for-Self-Driving-Vehicles/bot_ws/build/path_planner/share/path_planner/hook/pythonpath_develop.dsv'
[1.588s] INFO:colcon.colcon_core.shell:Creating environment hook '/home/manan/IITISOC/IITISoC-24-IVR8-Motion-Planning-with-Controls-for-Self-Driving-Vehicles/bot_ws/build/path_planner/share/path_planner/hook/pythonpath_develop.sh'
[1.590s] Level 1:colcon.colcon_core.environment:checking '/home/manan/IITISOC/IITISoC-24-IVR8-Motion-Planning-with-Controls-for-Self-Driving-Vehicles/bot_ws/install/path_planner' for CMake module files
[1.591s] Level 1:colcon.colcon_core.environment:checking '/home/manan/IITISOC/IITISoC-24-IVR8-Motion-Planning-with-Controls-for-Self-Driving-Vehicles/bot_ws/install/path_planner' for CMake config files
[1.591s] Level 1:colcon.colcon_core.environment:checking '/home/manan/IITISOC/IITISoC-24-IVR8-Motion-Planning-with-Controls-for-Self-Driving-Vehicles/bot_ws/install/path_planner/lib'
[1.591s] Level 1:colcon.colcon_core.environment:checking '/home/manan/IITISOC/IITISoC-24-IVR8-Motion-Planning-with-Controls-for-Self-Driving-Vehicles/bot_ws/install/path_planner/bin'
[1.591s] Level 1:colcon.colcon_core.environment:checking '/home/manan/IITISOC/IITISoC-24-IVR8-Motion-Planning-with-Controls-for-Self-Driving-Vehicles/bot_ws/install/path_planner/lib/pkgconfig/path_planner.pc'
[1.592s] Level 1:colcon.colcon_core.environment:checking '/home/manan/IITISOC/IITISoC-24-IVR8-Motion-Planning-with-Controls-for-Self-Driving-Vehicles/bot_ws/install/path_planner/lib/python3.10/site-packages'
[1.592s] Level 1:colcon.colcon_core.shell:create_environment_hook('path_planner', 'pythonpath')
[1.592s] INFO:colcon.colcon_core.shell:Creating environment hook '/home/manan/IITISOC/IITISoC-24-IVR8-Motion-Planning-with-Controls-for-Self-Driving-Vehicles/bot_ws/install/path_planner/share/path_planner/hook/pythonpath.ps1'
[1.592s] INFO:colcon.colcon_core.shell:Creating environment descriptor '/home/manan/IITISOC/IITISoC-24-IVR8-Motion-Planning-with-Controls-for-Self-Driving-Vehicles/bot_ws/install/path_planner/share/path_planner/hook/pythonpath.dsv'
[1.592s] INFO:colcon.colcon_core.shell:Creating environment hook '/home/manan/IITISOC/IITISoC-24-IVR8-Motion-Planning-with-Controls-for-Self-Driving-Vehicles/bot_ws/install/path_planner/share/path_planner/hook/pythonpath.sh'
[1.593s] Level 1:colcon.colcon_core.environment:checking '/home/manan/IITISOC/IITISoC-24-IVR8-Motion-Planning-with-Controls-for-Self-Driving-Vehicles/bot_ws/install/path_planner/bin'
[1.593s] Level 1:colcon.colcon_core.environment:create_environment_scripts_only(path_planner)
[1.593s] INFO:colcon.colcon_core.shell:Creating package script '/home/manan/IITISOC/IITISoC-24-IVR8-Motion-Planning-with-Controls-for-Self-Driving-Vehicles/bot_ws/install/path_planner/share/path_planner/package.ps1'
[1.594s] INFO:colcon.colcon_core.shell:Creating package descriptor '/home/manan/IITISOC/IITISoC-24-IVR8-Motion-Planning-with-Controls-for-Self-Driving-Vehicles/bot_ws/install/path_planner/share/path_planner/package.dsv'
[1.595s] INFO:colcon.colcon_core.shell:Creating package script '/home/manan/IITISOC/IITISoC-24-IVR8-Motion-Planning-with-Controls-for-Self-Driving-Vehicles/bot_ws/install/path_planner/share/path_planner/package.sh'
[1.596s] INFO:colcon.colcon_core.shell:Creating package script '/home/manan/IITISOC/IITISoC-24-IVR8-Motion-Planning-with-Controls-for-Self-Driving-Vehicles/bot_ws/install/path_planner/share/path_planner/package.bash'
[1.597s] INFO:colcon.colcon_core.shell:Creating package script '/home/manan/IITISOC/IITISoC-24-IVR8-Motion-Planning-with-Controls-for-Self-Driving-Vehicles/bot_ws/install/path_planner/share/path_planner/package.zsh'
[1.598s] Level 1:colcon.colcon_core.environment:create_file_with_runtime_dependencies(/home/manan/IITISOC/IITISoC-24-IVR8-Motion-Planning-with-Controls-for-Self-Driving-Vehicles/bot_ws/install/path_planner/share/colcon-core/packages/path_planner)
[1.598s] DEBUG:colcon.colcon_parallel_executor.executor.parallel:closing loop
[1.598s] DEBUG:colcon.colcon_parallel_executor.executor.parallel:loop closed
[1.599s] DEBUG:colcon.colcon_parallel_executor.executor.parallel:run_until_complete finished with '0'
[1.599s] DEBUG:colcon.colcon_core.event_reactor:joining thread
[1.657s] INFO:colcon.colcon_core.plugin_system:Skipping extension 'colcon_notification.desktop_notification.notify_send': Could not find 'notify-send'
[1.657s] INFO:colcon.colcon_core.plugin_system:Skipping extension 'colcon_notification.desktop_notification.terminal_notifier': Not used on non-Darwin systems
[1.657s] INFO:colcon.colcon_core.plugin_system:Skipping extension 'colcon_notification.desktop_notification.win32': Not used on non-Windows systems
[1.657s] INFO:colcon.colcon_notification.desktop_notification:Sending desktop notification using 'notify2'
[1.658s] DEBUG:colcon.colcon_notification.desktop_notification.notify2:Failed to initialize notify2: org.freedesktop.DBus.Error.ServiceUnknown: The name org.freedesktop.Notifications was not provided by any .service files
[1.658s] DEBUG:colcon.colcon_core.event_reactor:joined thread
[1.659s] INFO:colcon.colcon_core.shell:Creating prefix script '/home/manan/IITISOC/IITISoC-24-IVR8-Motion-Planning-with-Controls-for-Self-Driving-Vehicles/bot_ws/install/local_setup.ps1'
[1.659s] INFO:colcon.colcon_core.shell:Creating prefix util module '/home/manan/IITISOC/IITISoC-24-IVR8-Motion-Planning-with-Controls-for-Self-Driving-Vehicles/bot_ws/install/_local_setup_util_ps1.py'
[1.661s] INFO:colcon.colcon_core.shell:Creating prefix chain script '/home/manan/IITISOC/IITISoC-24-IVR8-Motion-Planning-with-Controls-for-Self-Driving-Vehicles/bot_ws/install/setup.ps1'
[1.661s] INFO:colcon.colcon_core.shell:Creating prefix script '/home/manan/IITISOC/IITISoC-24-IVR8-Motion-Planning-with-Controls-for-Self-Driving-Vehicles/bot_ws/install/local_setup.sh'
[1.662s] INFO:colcon.colcon_core.shell:Creating prefix util module '/home/manan/IITISOC/IITISoC-24-IVR8-Motion-Planning-with-Controls-for-Self-Driving-Vehicles/bot_ws/install/_local_setup_util_sh.py'
[1.662s] INFO:colcon.colcon_core.shell:Creating prefix chain script '/home/manan/IITISOC/IITISoC-24-IVR8-Motion-Planning-with-Controls-for-Self-Driving-Vehicles/bot_ws/install/setup.sh'
[1.663s] INFO:colcon.colcon_core.shell:Creating prefix script '/home/manan/IITISOC/IITISoC-24-IVR8-Motion-Planning-with-Controls-for-Self-Driving-Vehicles/bot_ws/install/local_setup.bash'
[1.664s] INFO:colcon.colcon_core.shell:Creating prefix chain script '/home/manan/IITISOC/IITISoC-24-IVR8-Motion-Planning-with-Controls-for-Self-Driving-Vehicles/bot_ws/install/setup.bash'
[1.665s] INFO:colcon.colcon_core.shell:Creating prefix script '/home/manan/IITISOC/IITISoC-24-IVR8-Motion-Planning-with-Controls-for-Self-Driving-Vehicles/bot_ws/install/local_setup.zsh'
[1.665s] INFO:colcon.colcon_core.shell:Creating prefix chain script '/home/manan/IITISOC/IITISoC-24-IVR8-Motion-Planning-with-Controls-for-Self-Driving-Vehicles/bot_ws/install/setup.zsh'
